This is pdfTeX, Version 3.141592653-2.6-1.40.26 (TeX Live 2024/nixos.org) (preloaded format=pdflatex 1980.1.1)  10 SEP 2025 15:34
entering extended mode
 restricted \write18 enabled.
 %&-line parsing enabled.
**PHY_Cheat_Sheet.tex
(./PHY_Cheat_Sheet.tex
LaTeX2e <2024-11-01> patch level 2
L3 programming layer <2025-01-18>

(/nix/store/9l2vaiz8cxrz32yx27wirprhfihkbhj6-texlive-2024-env-texmfdist/tex/lat
ex/base/article.cls
Document Class: article 2024/06/29 v1.4n Standard LaTeX document class

(/nix/store/9l2vaiz8cxrz32yx27wirprhfihkbhj6-texlive-2024-env-texmfdist/tex/lat
ex/base/size10.clo
File: size10.clo 2024/06/29 v1.4n Standard LaTeX file (size option)
)
\c@part=\count196
\c@section=\count197
\c@subsection=\count198
\c@subsubsection=\count199
\c@paragraph=\count266
\c@subparagraph=\count267
\c@figure=\count268
\c@table=\count269
\abovecaptionskip=\skip49
\belowcaptionskip=\skip50
\bibindent=\dimen141
)
(/nix/store/9l2vaiz8cxrz32yx27wirprhfihkbhj6-texlive-2024-env-texmfdist/tex/lat
ex/gensymb/gensymb.sty
Package: gensymb 2022/10/17 v1.0.2 (KJH)
)
(/nix/store/9l2vaiz8cxrz32yx27wirprhfihkbhj6-texlive-2024-env-texmfdist/tex/lat
ex/l3backend/l3backend-pdftex.def
File: l3backend-pdftex.def 2024-05-08 L3 backend support: PDF output (pdfTeX)
\l__color_backend_stack_int=\count270
\l__pdf_internal_box=\box52
) (./PHY_Cheat_Sheet.aux)
\openout1 = `PHY_Cheat_Sheet.aux'.

LaTeX Font Info:    Checking defaults for OML/cmm/m/it on input line 7.
LaTeX Font Info:    ... okay on input line 7.
LaTeX Font Info:    Checking defaults for OMS/cmsy/m/n on input line 7.
LaTeX Font Info:    ... okay on input line 7.
LaTeX Font Info:    Checking defaults for OT1/cmr/m/n on input line 7.
LaTeX Font Info:    ... okay on input line 7.
LaTeX Font Info:    Checking defaults for T1/cmr/m/n on input line 7.
LaTeX Font Info:    ... okay on input line 7.
LaTeX Font Info:    Checking defaults for TS1/cmr/m/n on input line 7.
LaTeX Font Info:    ... okay on input line 7.
LaTeX Font Info:    Checking defaults for OMX/cmex/m/n on input line 7.
LaTeX Font Info:    ... okay on input line 7.
LaTeX Font Info:    Checking defaults for U/cmr/m/n on input line 7.
LaTeX Font Info:    ... okay on input line 7.
LaTeX Info: Redefining \celsius on input line 7.
Package gensymb Info: Faking symbols for \degree and \celsius on input line 7.


Package gensymb Warning: Not defining \perthousand.

LaTeX Info: Redefining \ohm on input line 7.
Package gensymb Info: Using \Omega for \ohm on input line 7.

Package gensymb Warning: Not defining \micro.

LaTeX Font Info:    External font `cmex10' loaded for size
(Font)              <12> on input line 10.
LaTeX Font Info:    External font `cmex10' loaded for size
(Font)              <8> on input line 10.
LaTeX Font Info:    External font `cmex10' loaded for size
(Font)              <6> on input line 10.
LaTeX Font Info:    External font `cmex10' loaded for size
(Font)              <5> on input line 10.
LaTeX Font Info:    External font `cmex10' loaded for size
(Font)              <7> on input line 11.


[1

{/nix/store/c25xb9r20b4xzg590xbaklafnilk8vsc-texlive-2024-env/share/texmf-var/f
onts/map/pdftex/updmap/pdftex.map}{/nix/store/9l2vaiz8cxrz32yx27wirprhfihkbhj6-
texlive-2024-env-texmfdist/fonts/enc/dvips/cm-super/cm-super-ts1.enc}]
LaTeX Font Info:    External font `cmex10' loaded for size
(Font)              <14.4> on input line 18.


[1]
Overfull \hbox (0.69496pt too wide) in paragraph at lines 77--80
\OT1/cmr/m/n/10 Si on veut cal-culer la quan-tit^^Se d'^^Senergie n^^Secessaire
 pour passer d'une temp^^Serature
 []



[2]
Overfull \hbox (12.27634pt too wide) in paragraph at lines 147--147
[]\OT1/cmr/bx/n/12 Transfert d'^^Senergie avec change-ment d'^^Setat de la mati
^^Rere 
 []


Underfull \hbox (badness 10000) in paragraph at lines 149--166

 []


Underfull \hbox (badness 10000) in paragraph at lines 149--166

 []


Underfull \hbox (badness 10000) in paragraph at lines 149--166

 []


Underfull \hbox (badness 10000) in paragraph at lines 149--166

 []



[3]
Overfull \hbox (2.13945pt too wide) in paragraph at lines 167--169
[]\OT1/cmr/m/n/10 On va donc retrou-ver une ^^Sequation l^^Seg^^Rerement mod-if
i^^See pour cal-culer l'^^Senergie
 []


Overfull \hbox (0.75575pt too wide) detected at line 172
\OML/cmm/m/it/10 Q \OT1/cmr/m/n/10 = \OML/cmm/m/it/10 m[] \OMS/cmsy/m/n/10 ^^A 
\OML/cmm/m/it/10 C[]solide \OMS/cmsy/m/n/10 ^^A \OT1/cmr/m/n/10 (\OML/cmm/m/it/
10 ^^R[] \OMS/cmsy/m/n/10 ^^@ \OML/cmm/m/it/10 ^^R[]\OT1/cmr/m/n/10 ) + \OML/cm
m/m/it/10 L[]\OT1/cmr/m/n/10 1 \OMS/cmsy/m/n/10 ^^A \OML/cmm/m/it/10 m[] \OT1/c
mr/m/n/10 + \OML/cmm/m/it/10 m[] \OMS/cmsy/m/n/10 ^^A \OML/cmm/m/it/10 C[]liqui
de \OMS/cmsy/m/n/10 ^^A \OT1/cmr/m/n/10 (\OML/cmm/m/it/10 ^^R[] \OMS/cmsy/m/n/1
0 ^^@ \OML/cmm/m/it/10 ^^R[]\OT1/cmr/m/n/10 )
 []


Underfull \hbox (badness 10000) in paragraph at lines 174--182

 []


Underfull \hbox (badness 10000) in paragraph at lines 174--182

 []


Underfull \hbox (badness 10000) in paragraph at lines 174--182

 []



[4]

[5]

[6]

[7]

[8]
Overfull \hbox (15.3527pt too wide) in paragraph at lines 315--315
[]\OT1/cmr/bx/n/12 MRUA (Mou-ve-ment Rec-tiligne Uni-form^^Sement Ac-cel^^Ser^^
Se) 
 []



[9]

[10] (./PHY_Cheat_Sheet.aux)
 ***********
LaTeX2e <2024-11-01> patch level 2
L3 programming layer <2025-01-18>
 ***********
 ) 
Here is how much of TeX's memory you used:
 548 strings out of 473203
 10625 string characters out of 5692202
 405290 words of memory out of 5000000
 23858 multiletter control sequences out of 15000+600000
 564719 words of font info for 55 fonts, out of 8000000 for 9000
 1141 hyphenation exceptions out of 8191
 35i,11n,50p,299b,303s stack positions out of 10000i,1000n,20000p,200000b,200000s
</nix/store/9l2vaiz8cxrz32yx27wirprhfihkbhj6-texlive-2024-env-texmfdist/fonts
/type1/public/amsfonts/cm/cmbx10.pfb></nix/store/9l2vaiz8cxrz32yx27wirprhfihkbh
j6-texlive-2024-env-texmfdist/fonts/type1/public/amsfonts/cm/cmbx12.pfb></nix/s
tore/9l2vaiz8cxrz32yx27wirprhfihkbhj6-texlive-2024-env-texmfdist/fonts/type1/pu
blic/amsfonts/cm/cmmi10.pfb></nix/store/9l2vaiz8cxrz32yx27wirprhfihkbhj6-texliv
e-2024-env-texmfdist/fonts/type1/public/amsfonts/cm/cmmi12.pfb></nix/store/9l2v
aiz8cxrz32yx27wirprhfihkbhj6-texlive-2024-env-texmfdist/fonts/type1/public/amsf
onts/cm/cmmi7.pfb></nix/store/9l2vaiz8cxrz32yx27wirprhfihkbhj6-texlive-2024-env
-texmfdist/fonts/type1/public/amsfonts/cm/cmr10.pfb></nix/store/9l2vaiz8cxrz32y
x27wirprhfihkbhj6-texlive-2024-env-texmfdist/fonts/type1/public/amsfonts/cm/cmr
12.pfb></nix/store/9l2vaiz8cxrz32yx27wirprhfihkbhj6-texlive-2024-env-texmfdist/
fonts/type1/public/amsfonts/cm/cmr17.pfb></nix/store/9l2vaiz8cxrz32yx27wirprhfi
hkbhj6-texlive-2024-env-texmfdist/fonts/type1/public/amsfonts/cm/cmr7.pfb></nix
/store/9l2vaiz8cxrz32yx27wirprhfihkbhj6-texlive-2024-env-texmfdist/fonts/type1/
public/amsfonts/cm/cmr8.pfb></nix/store/9l2vaiz8cxrz32yx27wirprhfihkbhj6-texliv
e-2024-env-texmfdist/fonts/type1/public/amsfonts/cm/cmsy10.pfb></nix/store/9l2v
aiz8cxrz32yx27wirprhfihkbhj6-texlive-2024-env-texmfdist/fonts/type1/public/amsf
onts/cm/cmsy5.pfb></nix/store/9l2vaiz8cxrz32yx27wirprhfihkbhj6-texlive-2024-env
-texmfdist/fonts/type1/public/amsfonts/cm/cmsy7.pfb></nix/store/9l2vaiz8cxrz32y
x27wirprhfihkbhj6-texlive-2024-env-texmfdist/fonts/type1/public/cm-super/sfrm06
00.pfb></nix/store/9l2vaiz8cxrz32yx27wirprhfihkbhj6-texlive-2024-env-texmfdist/
fonts/type1/public/cm-super/sfrm0800.pfb></nix/store/9l2vaiz8cxrz32yx27wirprhfi
hkbhj6-texlive-2024-env-texmfdist/fonts/type1/public/cm-super/sfrm1000.pfb>
Output written on PHY_Cheat_Sheet.pdf (11 pages, 184173 bytes).
PDF statistics:
 121 PDF objects out of 1000 (max. 8388607)
 75 compressed objects within 1 object stream
 0 named destinations out of 1000 (max. 500000)
 1 words of extra memory for PDF output out of 10000 (max. 10000000)

